<?xml version="1.0" encoding="UTF-8"?>
<testsuite xmlns:xsi="http://www.w3.org/2001/XMLSchema-instance" xsi:noNamespaceSchemaLocation="https://maven.apache.org/surefire/maven-surefire-plugin/xsd/surefire-test-report-3.0.xsd" version="3.0" name="com.priceactiontrader.priceaction.PriceActionTraderApplicationTests" time="10.77" tests="1" errors="0" skipped="0" failures="0">
  <properties>
[...]
</properties>
  <testcase name="contextLoads" classname="com.priceactiontrader.priceaction.PriceActionTraderApplicationTests" time="1.674">
    <system-out><![CDATA[19:24:13.719 [main] INFO org.springframework.test.context.support.AnnotationConfigContextLoaderUtils -- Could not detect default configuration classes for test class [com.priceactiontrader.priceaction.PriceActionTraderApplicationTests]: PriceActionTraderApplicationTests does not declare any static, non-private, non-final, nested classes annotated with @Configuration.
19:24:13.860 [main] INFO org.springframework.boot.test.context.SpringBootTestContextBootstrapper -- Found @SpringBootConfiguration com.priceactiontrader.priceaction.PriceActionTraderApplication for test class com.priceactiontrader.priceaction.PriceActionTraderApplicationTests

  .   ____          _            __ _ _
 /\\ / ___'_ __ _ _(_)_ __  __ _ \ \ \ \
( ( )\___ | '_ | '_| | '_ \/ _` | \ \ \ \
 \\/  ___)| |_)| | | | | || (_| |  ) ) ) )
  '  |____| .__|_| |_|_| |_\__, | / / / /
 =========|_|==============|___/=/_/_/_/
 :: Spring Boot ::                (v3.1.2)

2023-09-23T19:24:14.498+05:30  INFO 35852 --- [           main] c.p.p.PriceActionTraderApplicationTests  : Starting PriceActionTraderApplicationTests using Java 17.0.2 with PID 35852 (started by RAHUL in D:\Learnings\Learn Implementing\PriceActionTrader)
2023-09-23T19:24:14.500+05:30  INFO 35852 --- [           main] c.p.p.PriceActionTraderApplicationTests  : No active profile set, falling back to 1 default profile: "default"
2023-09-23T19:24:15.479+05:30  INFO 35852 --- [           main] .s.d.r.c.RepositoryConfigurationDelegate : Multiple Spring Data modules found, entering strict repository configuration mode
2023-09-23T19:24:15.482+05:30  INFO 35852 --- [           main] .s.d.r.c.RepositoryConfigurationDelegate : Bootstrapping Spring Data JDBC repositories in DEFAULT mode.
2023-09-23T19:24:15.537+05:30  INFO 35852 --- [           main] .RepositoryConfigurationExtensionSupport : Spring Data JDBC - Could not safely identify store assignment for repository candidate interface com.priceactiontrader.priceaction.repository.PriceActionRepository; If you want this repository to be a JDBC repository, consider annotating your entities with one of these annotations: org.springframework.data.relational.core.mapping.Table.
2023-09-23T19:24:15.538+05:30  INFO 35852 --- [           main] .s.d.r.c.RepositoryConfigurationDelegate : Finished Spring Data repository scanning in 49 ms. Found 0 JDBC repository interfaces.
2023-09-23T19:24:15.555+05:30  INFO 35852 --- [           main] .s.d.r.c.RepositoryConfigurationDelegate : Multiple Spring Data modules found, entering strict repository configuration mode
2023-09-23T19:24:15.557+05:30  INFO 35852 --- [           main] .s.d.r.c.RepositoryConfigurationDelegate : Bootstrapping Spring Data JPA repositories in DEFAULT mode.
2023-09-23T19:24:15.600+05:30  INFO 35852 --- [           main] .s.d.r.c.RepositoryConfigurationDelegate : Finished Spring Data repository scanning in 37 ms. Found 1 JPA repository interfaces.
2023-09-23T19:24:16.231+05:30  INFO 35852 --- [           main] o.hibernate.jpa.internal.util.LogHelper  : HHH000204: Processing PersistenceUnitInfo [name: default]
2023-09-23T19:24:16.349+05:30  INFO 35852 --- [           main] org.hibernate.Version                    : HHH000412: Hibernate ORM core version 6.2.6.Final
2023-09-23T19:24:16.352+05:30  INFO 35852 --- [           main] org.hibernate.cfg.Environment            : HHH000406: Using bytecode reflection optimizer
2023-09-23T19:24:16.657+05:30  INFO 35852 --- [           main] o.h.b.i.BytecodeProviderInitiator        : HHH000021: Bytecode provider name : bytebuddy
2023-09-23T19:24:16.858+05:30  INFO 35852 --- [           main] o.s.o.j.p.SpringPersistenceUnitInfo      : No LoadTimeWeaver setup: ignoring JPA class transformer
2023-09-23T19:24:16.892+05:30  INFO 35852 --- [           main] com.zaxxer.hikari.HikariDataSource       : HikariPool-1 - Starting...
2023-09-23T19:24:17.300+05:30  INFO 35852 --- [           main] com.zaxxer.hikari.pool.HikariPool        : HikariPool-1 - Added connection com.mysql.cj.jdbc.ConnectionImpl@3f0ce0d1
2023-09-23T19:24:17.300+05:30  INFO 35852 --- [           main] com.zaxxer.hikari.HikariDataSource       : HikariPool-1 - Start completed.
2023-09-23T19:24:17.723+05:30  INFO 35852 --- [           main] o.h.b.i.BytecodeProviderInitiator        : HHH000021: Bytecode provider name : bytebuddy
2023-09-23T19:24:18.924+05:30  INFO 35852 --- [           main] o.h.e.t.j.p.i.JtaPlatformInitiator       : HHH000490: Using JtaPlatform implementation: [org.hibernate.engine.transaction.jta.platform.internal.NoJtaPlatform]
2023-09-23T19:24:19.153+05:30  INFO 35852 --- [           main] j.LocalContainerEntityManagerFactoryBean : Initialized JPA EntityManagerFactory for persistence unit 'default'
2023-09-23T19:24:20.434+05:30  WARN 35852 --- [           main] JpaBaseConfiguration$JpaWebConfiguration : spring.jpa.open-in-view is enabled by default. Therefore, database queries may be performed during view rendering. Explicitly configure spring.jpa.open-in-view to disable this warning
2023-09-23T19:24:22.530+05:30  INFO 35852 --- [           main] c.p.p.PriceActionTraderApplicationTests  : Started PriceActionTraderApplicationTests in 8.426 seconds (process running for 9.796)
]]></system-out>
  </testcase>
</testsuite>